[1103/234014.974:INFO:CONSOLE(0)] "Error with Permissions-Policy header: Feature xr-spatial-tracking's parameters are ignored.", source:  (0)
[1103/234014.974:INFO:CONSOLE(0)] "Error with Permissions-Policy header: Origin trial controlled feature not enabled: 'attribution-reporting'.", source:  (0)
[1103/234014.975:INFO:CONSOLE(0)] "Error with Permissions-Policy header: Unrecognized feature: 'compute-pressure'.", source:  (0)
[1103/234014.975:INFO:CONSOLE(0)] "Error with Permissions-Policy header: Origin trial controlled feature not enabled: 'interest-cohort'.", source:  (0)
[1103/234014.975:INFO:CONSOLE(0)] "Error with Permissions-Policy header: Unrecognized feature: 'private-state-token-issuance'.", source:  (0)
[1103/234014.975:INFO:CONSOLE(0)] "Error with Permissions-Policy header: Origin trial controlled feature not enabled: 'shared-storage'.", source:  (0)
[1103/234014.975:INFO:CONSOLE(0)] "Error with Permissions-Policy header: Unrecognized feature: 'shared-storage-select-url'.", source:  (0)
[1103/234014.975:INFO:CONSOLE(0)] "Error with Permissions-Policy header: Unrecognized feature: 'private-state-token-redemption'.", source:  (0)
[1103/234014.975:INFO:CONSOLE(0)] "Error with Permissions-Policy header: Unrecognized feature: 'unload'.", source:  (0)
[1103/234014.975:INFO:CONSOLE(0)] "Error with Permissions-Policy header: Unrecognized feature: 'window-management'.", source:  (0)
[1103/234014.975:INFO:CONSOLE(0)] "Document-Policy HTTP header: Unrecognized document policy feature name include-js-call-stacks-in-crash-reports.", source: https://web.whatsapp.com/ (0)
[1103/234016.690:INFO:CONSOLE(113)] "Event handler of 'x-storagemutated-1' event must be added on the initial evaluation of worker script.", source: https://static.whatsapp.net/rsrc.php/v4/yl/r/79TvLI_DhpW.js (113)
[1103/234054.496:INFO:CONSOLE(77)] "ErrorUtils caught an error:

lid-migration-did-not-receive-mapping

Subsequent non-fatal errors won't be logged; see https://fburl.com/debugjs. [object Object]", source: https://static.whatsapp.net/rsrc.php/v4/ys/r/AwwRUFrg7qy.js (77)
[1103/234103.428:INFO:CONSOLE(0)] "Uncaught (in promise) DbOnLogoutAbortError: dropping db write operation due to logout", source: https://web.whatsapp.com/static_resources/webworker_v1/init_script/?__hs=20396.HYP%3Awhatsapp_comet_pkg.2.1...0&__spin_r=1029340591&__spin_b=trunk&__spin_t=1762224015 (0)
[1103/234105.104:INFO:CONSOLE(0)] "Error with Permissions-Policy header: Feature xr-spatial-tracking's parameters are ignored.", source:  (0)
[1103/234105.104:INFO:CONSOLE(0)] "Error with Permissions-Policy header: Origin trial controlled feature not enabled: 'attribution-reporting'.", source:  (0)
[1103/234105.104:INFO:CONSOLE(0)] "Error with Permissions-Policy header: Unrecognized feature: 'compute-pressure'.", source:  (0)
[1103/234105.104:INFO:CONSOLE(0)] "Error with Permissions-Policy header: Origin trial controlled feature not enabled: 'interest-cohort'.", source:  (0)
[1103/234105.104:INFO:CONSOLE(0)] "Error with Permissions-Policy header: Unrecognized feature: 'private-state-token-issuance'.", source:  (0)
[1103/234105.104:INFO:CONSOLE(0)] "Error with Permissions-Policy header: Origin trial controlled feature not enabled: 'shared-storage'.", source:  (0)
[1103/234105.104:INFO:CONSOLE(0)] "Error with Permissions-Policy header: Unrecognized feature: 'shared-storage-select-url'.", source:  (0)
[1103/234105.104:INFO:CONSOLE(0)] "Error with Permissions-Policy header: Unrecognized feature: 'private-state-token-redemption'.", source:  (0)
[1103/234105.104:INFO:CONSOLE(0)] "Error with Permissions-Policy header: Unrecognized feature: 'unload'.", source:  (0)
[1103/234105.104:INFO:CONSOLE(0)] "Error with Permissions-Policy header: Unrecognized feature: 'window-management'.", source:  (0)
[1103/234105.105:INFO:CONSOLE(0)] "Document-Policy HTTP header: Unrecognized document policy feature name include-js-call-stacks-in-crash-reports.", source: https://web.whatsapp.com/ (0)
[1103/234105.591:ERROR:entry_impl.cc(1072)] No file for 8000000c
[1103/234105.592:ERROR:entry_impl.cc(1072)] No file for 8000000b
[1103/234105.592:ERROR:entry_impl.cc(1072)] No file for 8000000d
[1103/234105.594:ERROR:entry_impl.cc(1072)] No file for 8000000e
[1103/234105.595:ERROR:entry_impl.cc(1072)] No file for 8000000f
[1103/234105.595:ERROR:entry_impl.cc(1072)] No file for 80000010
[1103/234105.595:ERROR:entry_impl.cc(1072)] No file for 80000011
[1103/234105.693:ERROR:entry_impl.cc(1072)] No file for 80000012
[1103/234105.702:ERROR:entry_impl.cc(1072)] No file for 80000013
[1103/234105.824:INFO:CONSOLE(77)] "ErrorUtils caught an error:

[sw] sw-update-failed: AbortError: Failed to update a ServiceWorker for scope ('https://web.whatsapp.com/') with script ('https://web.whatsapp.com/sw.js'): Failed to access storage.

Subsequent non-fatal errors won't be logged; see https://fburl.com/debugjs. [object Object]", source: https://static.whatsapp.net/rsrc.php/v4/ys/r/AwwRUFrg7qy.js (77)
[1103/234106.045:ERROR:entry_impl.cc(1072)] No file for 80000016
[1103/234106.049:INFO:CONSOLE(1)] "Uncaught NetworkError: Failed to execute 'importScripts' on 'WorkerGlobalScope': The script at 'https://static.whatsapp.net/rsrc.php/v4/yk/r/TzWeaYaThFk.js' failed to load.", source: https://web.whatsapp.com/static_resources/webworker_v1/init_script/?__hs=20396.HYP%3Awhatsapp_comet_pkg.2.1...0&__spin_r=1029340591&__spin_b=trunk&__spin_t=1762224065 (1)
